<?xml version="1.0" encoding="utf-8"?><testsuites name="pytest tests"><testsuite name="pytest" errors="0" failures="0" skipped="0" tests="16" time="9.279" timestamp="2026-02-08T16:45:15.256615+00:00" hostname="agent-env-077c9a5c-a806-4590-bea7-d65f11d353d1"><testcase classname="backend.tests.test_pro_subscription.TestHealthCheck" name="test_api_health" time="0.080" /><testcase classname="backend.tests.test_pro_subscription.TestUserRegistration" name="test_register_new_user_starts_free" time="0.276" /><testcase classname="backend.tests.test_pro_subscription.TestProUpgrade" name="test_upgrade_to_pro" time="0.402" /><testcase classname="backend.tests.test_pro_subscription.TestGetUserPlan" name="test_free_user_plan_limits" time="0.605" /><testcase classname="backend.tests.test_pro_subscription.TestGetUserPlan" name="test_pro_user_plan_limits" time="0.669" /><testcase classname="backend.tests.test_pro_subscription.TestAdvancedSearch" name="test_advanced_search_forbidden_for_free_user" time="0.661" /><testcase classname="backend.tests.test_pro_subscription.TestAdvancedSearch" name="test_advanced_search_works_for_pro_user" time="0.622" /><testcase classname="backend.tests.test_pro_subscription.TestVaultExport" name="test_vault_export_forbidden_for_free_user" time="0.669" /><testcase classname="backend.tests.test_pro_subscription.TestVaultExport" name="test_vault_export_works_for_pro_user" time="0.670" /><testcase classname="backend.tests.test_pro_subscription.TestSmartReminders" name="test_reminders_forbidden_for_free_user" time="0.653" /><testcase classname="backend.tests.test_pro_subscription.TestSmartReminders" name="test_reminders_works_for_pro_user" time="0.836" /><testcase classname="backend.tests.test_pro_subscription.TestCollectionLimit" name="test_free_user_limited_to_5_collections" time="0.870" /><testcase classname="backend.tests.test_pro_subscription.TestCollectionLimit" name="test_pro_user_unlimited_collections" time="0.888" /><testcase classname="backend.tests.test_pro_subscription.TestCancelPro" name="test_cancel_pro_subscription" time="0.443" /><testcase classname="backend.tests.test_pro_subscription.TestCancelPro" name="test_cancelled_user_loses_pro_features" time="0.575" /><testcase classname="backend.tests.test_pro_subscription.TestExistingCredentials" name="test_free_user_login" time="0.311" /></testsuite></testsuites>